\BOOKMARK [0][-]{section*.1}{\376\377\000D\000e\000c\000l\000a\000r\000a\000t\000i\000o\000n\000\040\000o\000f\000\040\000A\000u\000t\000h\000o\000r\000s\000h\000i\000p}{}% 1
\BOOKMARK [0][-]{section*.2}{\376\377\000A\000b\000s\000t\000r\000a\000c\000t}{}% 2
\BOOKMARK [0][-]{section*.3}{\376\377\000A\000c\000k\000n\000o\000w\000l\000e\000d\000g\000e\000m\000e\000n\000t\000s}{}% 3
\BOOKMARK [0][-]{chapter.7}{\376\377\000I\000n\000t\000r\000o\000d\000u\000c\000t\000i\000o\000n}{}% 4
\BOOKMARK [0][-]{chapter.8}{\376\377\000L\000i\000t\000e\000r\000a\000t\000u\000r\000e\000\040\000S\000t\000u\000d\000y}{}% 5
\BOOKMARK [1][-]{section.9}{\376\377\000K\000n\000o\000w\000l\000e\000d\000g\000e\000\040\000D\000i\000s\000c\000o\000v\000e\000r\000y\000\040\000S\000t\000e\000p\000s}{chapter.8}% 6
\BOOKMARK [1][-]{section.10}{\376\377\000D\000a\000t\000a\000\040\000M\000i\000n\000i\000n\000g\000\040\000C\000o\000n\000c\000e\000p\000t\000s}{chapter.8}% 7
\BOOKMARK [1][-]{section.11}{\376\377\000P\000r\000e\000p\000r\000o\000c\000e\000s\000s\000i\000n\000g}{chapter.8}% 8
\BOOKMARK [1][-]{section.12}{\376\377\000C\000l\000a\000s\000s\000i\000f\000i\000c\000a\000t\000i\000o\000n}{chapter.8}% 9
\BOOKMARK [2][-]{subsection.13}{\376\377\000B\000a\000s\000i\000c\000\040\000C\000o\000n\000c\000e\000p\000t}{section.12}% 10
\BOOKMARK [2][-]{subsection.16}{\376\377\000G\000e\000n\000e\000r\000a\000l\000\040\000A\000p\000p\000r\000o\000a\000c\000h\000\040\000t\000o\000\040\000C\000l\000a\000s\000s\000i\000f\000i\000c\000a\000t\000i\000o\000n}{section.12}% 11
\BOOKMARK [2][-]{subsection.22}{\376\377\000D\000e\000c\000i\000s\000i\000o\000n\000\040\000T\000r\000e\000e\000\040\000I\000n\000d\000u\000c\000t\000i\000o\000n}{section.12}% 12
\BOOKMARK [2][-]{subsection.25}{\376\377\000D\000e\000c\000i\000s\000i\000o\000n\000\040\000T\000r\000e\000e\000\040\000I\000n\000d\000u\000c\000t\000i\000o\000n\000\040\000A\000l\000g\000o\000r\000i\000t\000h\000m}{section.12}% 13
\BOOKMARK [2][-]{subsection.28}{\376\377\000A\000t\000t\000r\000i\000b\000u\000t\000e\000s\000\040\000S\000e\000l\000e\000c\000t\000i\000o\000n\000\040\000M\000e\000a\000s\000u\000r\000e\000s}{section.12}% 14
\BOOKMARK [3][-]{section*.31}{\376\377\000I\000n\000f\000o\000r\000m\000a\000t\000i\000o\000n\000\040\000G\000a\000i\000n}{subsection.28}% 15
\BOOKMARK [3][-]{section*.34}{\376\377\000G\000a\000i\000n\000\040\000R\000a\000t\000i\000o}{subsection.28}% 16
\BOOKMARK [3][-]{section*.37}{\376\377\000G\000i\000n\000i\000\040\000I\000n\000d\000e\000x}{subsection.28}% 17
\BOOKMARK [3][-]{section*.38}{\376\377\000O\000t\000h\000e\000r\000\040\000A\000t\000t\000r\000i\000b\000u\000t\000e\000\040\000S\000e\000l\000e\000c\000t\000i\000o\000n\000\040\000M\000e\000a\000s\000u\000r\000e\000s}{subsection.28}% 18
\BOOKMARK [0][-]{chapter.39}{\376\377\000A\000n\000a\000l\000y\000s\000i\000s\000\040\000o\000f\000\040\000B\000I\000I\000S\000\040\000D\000a\000t\000a}{}% 19
\BOOKMARK [1][-]{section.40}{\376\377\000S\000c\000o\000p\000e}{chapter.39}% 20
\BOOKMARK [1][-]{section.41}{\376\377\000D\000a\000t\000a\000b\000a\000s\000e\000\040\000S\000t\000r\000u\000c\000t\000u\000r\000e}{chapter.39}% 21
\BOOKMARK [1][-]{section.42}{\376\377\000P\000r\000o\000b\000l\000e\000m\000s\000\040\000i\000n\000\040\000E\000x\000i\000s\000t\000i\000n\000g\000\040\000S\000t\000r\000u\000c\000t\000u\000r\000e}{chapter.39}% 22
\BOOKMARK [0][-]{chapter.43}{\376\377\000P\000r\000e\000p\000r\000o\000c\000e\000s\000s\000i\000n\000g}{}% 23
\BOOKMARK [1][-]{section.44}{\376\377\000T\000e\000c\000h\000n\000i\000q\000u\000e\000\040\000A\000n\000d\000\040\000D\000e\000s\000i\000g\000n}{chapter.43}% 24
\BOOKMARK [1][-]{section.45}{\376\377\000A\000l\000g\000o\000r\000i\000t\000h\000m\000s}{chapter.43}% 25
\BOOKMARK [2][-]{subsection.46}{\376\377\000C\000l\000e\000a\000n\000i\000n\000g}{section.45}% 26
\BOOKMARK [2][-]{subsection.47}{\376\377\000R\000e\000d\000u\000c\000t\000i\000o\000n}{section.45}% 27
\BOOKMARK [2][-]{subsection.48}{\376\377\000I\000n\000t\000e\000g\000r\000a\000t\000i\000o\000n}{section.45}% 28
\BOOKMARK [2][-]{subsection.49}{\376\377\000N\000o\000r\000m\000a\000l\000i\000z\000a\000t\000i\000o\000n}{section.45}% 29
\BOOKMARK [1][-]{section.50}{\376\377\000R\000e\000s\000u\000l\000t\000s}{chapter.43}% 30
\BOOKMARK [0][-]{chapter.51}{\376\377\000C\000l\000a\000s\000s\000i\000f\000i\000c\000a\000t\000i\000o\000n}{}% 31
\BOOKMARK [1][-]{section.52}{\376\377\000D\000e\000c\000i\000s\000i\000o\000n\000\040\000T\000r\000e\000e}{chapter.51}% 32
\BOOKMARK [1][-]{section.55}{\376\377\000A\000l\000g\000o\000r\000i\000t\000h\000m}{chapter.51}% 33
\BOOKMARK [1][-]{section.58}{\376\377\000R\000e\000s\000u\000l\000t\000\040\000o\000f\000\040\000C\000l\000a\000s\000s\000i\000f\000i\000c\000a\000t\000i\000o\000n}{chapter.51}% 34
\BOOKMARK [1][-]{section.61}{\376\377\000S\000t\000a\000t\000i\000s\000t\000i\000c\000a\000l\000\040\000A\000n\000a\000l\000y\000s\000i\000s}{chapter.51}% 35
\BOOKMARK [1][-]{section.62}{\376\377\000R\000e\000s\000u\000l\000t\000\040\000o\000f\000\040\000S\000t\000a\000t\000i\000s\000t\000i\000c\000a\000l\000\040\000A\000n\000a\000l\000y\000s\000i\000s}{chapter.51}% 36
\BOOKMARK [2][-]{subsection.63}{\376\377\000D\000e\000p\000a\000r\000t\000m\000e\000n\000t\000\040\000w\000i\000s\000e\000\040\000P\000e\000r\000f\000o\000r\000m\000a\000n\000c\000e}{section.62}% 37
\BOOKMARK [3][-]{section*.64}{\376\377\000E\000E\000E\000\040\000D\000e\000p\000a\000r\000t\000m\000e\000n\000t}{subsection.63}% 38
\BOOKMARK [3][-]{section*.67}{\376\377\000C\000S\000E\000\040\000D\000e\000p\000a\000r\000t\000m\000e\000n\000t}{subsection.63}% 39
\BOOKMARK [3][-]{section*.70}{\376\377\000I\000P\000E\000\040\000D\000e\000p\000a\000r\000t\000m\000e\000n\000t}{subsection.63}% 40
\BOOKMARK [3][-]{section*.73}{\376\377\000M\000E\000\040\000D\000e\000p\000a\000r\000t\000m\000e\000n\000t}{subsection.63}% 41
\BOOKMARK [3][-]{section*.76}{\376\377\000C\000E\000\040\000D\000e\000p\000a\000r\000t\000m\000e\000n\000t}{subsection.63}% 42
\BOOKMARK [3][-]{section*.79}{\376\377\000M\000M\000E\000\040\000D\000e\000p\000a\000r\000t\000m\000e\000n\000t}{subsection.63}% 43
\BOOKMARK [3][-]{section*.82}{\376\377\000C\000H\000E\000\040\000D\000e\000p\000a\000r\000t\000m\000e\000n\000t}{subsection.63}% 44
\BOOKMARK [3][-]{section*.85}{\376\377\000N\000A\000M\000E\000\040\000D\000e\000p\000a\000r\000t\000m\000e\000n\000t}{subsection.63}% 45
\BOOKMARK [3][-]{section*.88}{\376\377\000U\000R\000P\000\040\000D\000e\000p\000a\000r\000t\000m\000e\000n\000t}{subsection.63}% 46
\BOOKMARK [3][-]{section*.91}{\376\377\000A\000R\000C\000H\000\040\000D\000e\000p\000a\000r\000t\000m\000e\000n\000t}{subsection.63}% 47
\BOOKMARK [3][-]{section*.94}{\376\377\000W\000R\000E\000\040\000D\000e\000p\000a\000r\000t\000m\000e\000n\000t}{subsection.63}% 48
\BOOKMARK [0][-]{chapter.97}{\376\377\000C\000o\000n\000c\000l\000u\000s\000i\000o\000n}{}% 49
\BOOKMARK [1][-]{section.98}{\376\377\000S\000u\000m\000m\000a\000r\000y\000\040\000o\000f\000\040\000T\000h\000e\000s\000i\000s}{chapter.97}% 50
\BOOKMARK [1][-]{section.99}{\376\377\000G\000e\000n\000e\000r\000a\000l\000\040\000F\000i\000n\000d\000i\000n\000g\000s}{chapter.97}% 51
\BOOKMARK [1][-]{section.100}{\376\377\000F\000u\000t\000u\000r\000e\000\040\000W\000o\000r\000k\000s}{chapter.97}% 52
\BOOKMARK [0][-]{appendix.101}{\376\377\000A\000p\000p\000e\000n\000d\000i\000x\000\040\000T\000i\000t\000l\000e\000\040\000H\000e\000r\000e}{}% 53
