This is pdfTeX, Version 3.14159265-2.6-1.40.16 (MiKTeX 2.9) (preloaded format=pdflatex 2016.2.17)  26 FEB 2016 11:20
entering extended mode
**./Chapter4.tex
(Chapter4.tex
LaTeX2e <2015/10/01> patch level 2
Babel <3.9n> and hyphenation patterns for 69 languages loaded.
("C:\Users\sabid\AppData\Local\Programs\MiKTeX 2.9\tex\latex\base\book.cls"
Document Class: book 2014/09/29 v1.4h Standard LaTeX document class
("C:\Users\sabid\AppData\Local\Programs\MiKTeX 2.9\tex\latex\base\bk12.clo"
File: bk12.clo 2014/09/29 v1.4h Standard LaTeX file (size option)
)
\c@part=\count79
\c@chapter=\count80
\c@section=\count81
\c@subsection=\count82
\c@subsubsection=\count83
\c@paragraph=\count84
\c@subparagraph=\count85
\c@figure=\count86
\c@table=\count87
\abovecaptionskip=\skip41
\belowcaptionskip=\skip42
\bibindent=\dimen102
)
("C:\Users\sabid\AppData\Local\Programs\MiKTeX 2.9\tex\latex\hyperref\hyperref.
sty"
Package: hyperref 2012/11/06 v6.83m Hypertext links for LaTeX

("C:\Users\sabid\AppData\Local\Programs\MiKTeX 2.9\tex\generic\oberdiek\hobsub-
hyperref.sty"
Package: hobsub-hyperref 2012/04/25 v1.12 Bundle oberdiek, subset hyperref (HO)


("C:\Users\sabid\AppData\Local\Programs\MiKTeX 2.9\tex\generic\oberdiek\hobsub-
generic.sty"
Package: hobsub-generic 2012/04/25 v1.12 Bundle oberdiek, subset generic (HO)
Package: hobsub 2012/04/25 v1.12 Construct package bundles (HO)
Package: infwarerr 2010/04/08 v1.3 Providing info/warning/error messages (HO)
Package: ltxcmds 2011/11/09 v1.22 LaTeX kernel commands for general use (HO)
Package: ifluatex 2010/03/01 v1.3 Provides the ifluatex switch (HO)
Package ifluatex Info: LuaTeX not detected.
Package: ifvtex 2010/03/01 v1.5 Detect VTeX and its facilities (HO)
Package ifvtex Info: VTeX not detected.
Package: intcalc 2007/09/27 v1.1 Expandable calculations with integers (HO)
Package: ifpdf 2011/01/30 v2.3 Provides the ifpdf switch (HO)
Package ifpdf Info: pdfTeX in PDF mode is detected.
Package: etexcmds 2011/02/16 v1.5 Avoid name clashes with e-TeX commands (HO)
Package etexcmds Info: Could not find \expanded.
(etexcmds)             That can mean that you are not using pdfTeX 1.50 or
(etexcmds)             that some package has redefined \expanded.
(etexcmds)             In the latter case, load this package earlier.
Package: kvsetkeys 2012/04/25 v1.16 Key value parser (HO)
Package: kvdefinekeys 2011/04/07 v1.3 Define keys (HO)
Package: pdftexcmds 2011/11/29 v0.20 Utility functions of pdfTeX for LuaTeX (HO
)
Package pdftexcmds Info: LuaTeX not detected.
Package pdftexcmds Info: \pdf@primitive is available.
Package pdftexcmds Info: \pdf@ifprimitive is available.
Package pdftexcmds Info: \pdfdraftmode found.
Package: pdfescape 2011/11/25 v1.13 Implements pdfTeX's escape features (HO)
Package: bigintcalc 2012/04/08 v1.3 Expandable calculations on big integers (HO
)
Package: bitset 2011/01/30 v1.1 Handle bit-vector datatype (HO)
Package: uniquecounter 2011/01/30 v1.2 Provide unlimited unique counter (HO)
)
Package hobsub Info: Skipping package `hobsub' (already loaded).
Package: letltxmacro 2010/09/02 v1.4 Let assignment for LaTeX macros (HO)
Package: hopatch 2011/06/24 v1.1 Wrapper for package hooks (HO)
Package: xcolor-patch 2011/01/30 xcolor patch
Package: atveryend 2011/06/30 v1.8 Hooks at the very end of document (HO)
Package atveryend Info: \enddocument detected (standard20110627).
Package: atbegshi 2011/10/05 v1.16 At begin shipout hook (HO)
Package: refcount 2011/10/16 v3.4 Data extraction from label references (HO)
Package: hycolor 2011/01/30 v1.7 Color options for hyperref/bookmark (HO)
)
("C:\Users\sabid\AppData\Local\Programs\MiKTeX 2.9\tex\latex\graphics\keyval.st
y"
Package: keyval 2014/10/28 v1.15 key=value parser (DPC)
\KV@toks@=\toks14
)
("C:\Users\sabid\AppData\Local\Programs\MiKTeX 2.9\tex\generic\ifxetex\ifxetex.
sty"
Package: ifxetex 2010/09/12 v0.6 Provides ifxetex conditional
)
("C:\Users\sabid\AppData\Local\Programs\MiKTeX 2.9\tex\latex\oberdiek\auxhook.s
ty"
Package: auxhook 2011/03/04 v1.3 Hooks for auxiliary files (HO)
)
("C:\Users\sabid\AppData\Local\Programs\MiKTeX 2.9\tex\latex\oberdiek\kvoptions
.sty"
Package: kvoptions 2011/06/30 v3.11 Key value format for package options (HO)
)
\@linkdim=\dimen103
\Hy@linkcounter=\count88
\Hy@pagecounter=\count89

("C:\Users\sabid\AppData\Local\Programs\MiKTeX 2.9\tex\latex\hyperref\pd1enc.de
f"
File: pd1enc.def 2012/11/06 v6.83m Hyperref: PDFDocEncoding definition (HO)
)
\Hy@SavedSpaceFactor=\count90

("C:\Users\sabid\AppData\Local\Programs\MiKTeX 2.9\tex\latex\00miktex\hyperref.
cfg"
File: hyperref.cfg 2002/06/06 v1.2 hyperref configuration of TeXLive
)
Package hyperref Info: Hyper figures OFF on input line 4443.
Package hyperref Info: Link nesting OFF on input line 4448.
Package hyperref Info: Hyper index ON on input line 4451.
Package hyperref Info: Plain pages OFF on input line 4458.
Package hyperref Info: Backreferencing OFF on input line 4463.
Package hyperref Info: Implicit mode ON; LaTeX internals redefined.
Package hyperref Info: Bookmarks ON on input line 4688.
\c@Hy@tempcnt=\count91
 ("C:\Users\sabid\AppData\Local\Programs\MiKTeX 2.9\tex\latex\url\url.sty"
\Urlmuskip=\muskip10
Package: url 2013/09/16  ver 3.4  Verb mode for urls, etc.
)
LaTeX Info: Redefining \url on input line 5041.
\XeTeXLinkMargin=\dimen104
\Fld@menulength=\count92
\Field@Width=\dimen105
\Fld@charsize=\dimen106
Package hyperref Info: Hyper figures OFF on input line 6295.
Package hyperref Info: Link nesting OFF on input line 6300.
Package hyperref Info: Hyper index ON on input line 6303.
Package hyperref Info: backreferencing OFF on input line 6310.
Package hyperref Info: Link coloring OFF on input line 6315.
Package hyperref Info: Link coloring with OCG OFF on input line 6320.
Package hyperref Info: PDF/A mode OFF on input line 6325.
LaTeX Info: Redefining \ref on input line 6365.
LaTeX Info: Redefining \pageref on input line 6369.
\Hy@abspage=\count93
\c@Item=\count94
\c@Hfootnote=\count95
)

Package hyperref Message: Driver (autodetected): hpdftex.


("C:\Users\sabid\AppData\Local\Programs\MiKTeX 2.9\tex\latex\hyperref\hpdftex.d
ef"
File: hpdftex.def 2012/11/06 v6.83m Hyperref driver for pdfTeX
\Fld@listcount=\count96
\c@bookmark@seq@number=\count97

("C:\Users\sabid\AppData\Local\Programs\MiKTeX 2.9\tex\latex\oberdiek\rerunfile
check.sty"
Package: rerunfilecheck 2011/04/15 v1.7 Rerun checks for auxiliary files (HO)
Package uniquecounter Info: New unique counter `rerunfilecheck' on input line 2
82.
)
\Hy@SectionHShift=\skip43
)
("C:\Users\sabid\AppData\Local\Programs\MiKTeX 2.9\tex\latex\tools\array.sty"
Package: array 2014/10/28 v2.4c Tabular extension package (FMi)
\col@sep=\dimen107
\extrarowheight=\dimen108
\NC@list=\toks15
\extratabsurround=\skip44
\backup@length=\skip45
)
("C:\Users\sabid\AppData\Local\Programs\MiKTeX 2.9\tex\latex\floatrow\floatrow.
sty"
Package: floatrow 2008/08/02 v0.3b floatrow: float package extension

("C:\Users\sabid\AppData\Local\Programs\MiKTeX 2.9\tex\latex\caption\caption3.s
ty"
Package: caption3 2016/02/04 v1.7-139 caption3 kernel (AR)
Package caption3 Info: TeX engine: e-TeX on input line 67.
\captionmargin=\dimen109
\captionmargin@=\dimen110
\captionwidth=\dimen111
\caption@tempdima=\dimen112
\caption@indent=\dimen113
\caption@parindent=\dimen114
\caption@hangindent=\dimen115
)
\c@float@type=\count98
\float@exts=\toks16
\float@box=\box26
\@floatcapt=\box27
Package floatrow Info: Modified float package code loaded on input line 455.
Package floatrow Info: Modified rotfloat package code loaded on input line 473.

\FR@everyfloat=\toks17
\flrow@foot=\insert199
\FB@wd=\dimen116
\FBo@wd=\dimen117
\FBc@wd=\dimen118
\FBo@ht=\skip46
\FBc@ht=\skip47
\FBf@ht=\skip48
\FBo@max=\skip49
\FBc@max=\skip50
\FBf@max=\skip51
\c@FBl@b=\count99
\floatbox@depth=\count100
\c@FRobj=\count101
\c@FRsobj=\count102
\Xhsize=\skip52
\sXhsize=\skip53
\Zhsize=\skip54
\sZhsize=\skip55
\flrow@rowbox=\box28
\FR@Zunitlength=\dimen119
\c@FBcnt=\count103
\FPOScnt=\count104
\LTleft=\skip56
\LTright=\skip57
\LTleft=\skip58
\LTright=\skip59
\flrow@types=\toks18
)
("C:\Users\sabid\AppData\Local\Programs\MiKTeX 2.9\tex\latex\amsmath\amsmath.st
y"
Package: amsmath 2013/01/14 v2.14 AMS math features
\@mathmargin=\skip60

For additional information on amsmath, use the `?' option.

("C:\Users\sabid\AppData\Local\Programs\MiKTeX 2.9\tex\latex\amsmath\amstext.st
y"
Package: amstext 2000/06/29 v2.01

("C:\Users\sabid\AppData\Local\Programs\MiKTeX 2.9\tex\latex\amsmath\amsgen.sty
"
File: amsgen.sty 1999/11/30 v2.0
\@emptytoks=\toks19
\ex@=\dimen120
))
("C:\Users\sabid\AppData\Local\Programs\MiKTeX 2.9\tex\latex\amsmath\amsbsy.sty
"
Package: amsbsy 1999/11/29 v1.2d
\pmbraise@=\dimen121
)
("C:\Users\sabid\AppData\Local\Programs\MiKTeX 2.9\tex\latex\amsmath\amsopn.sty
"
Package: amsopn 1999/12/14 v2.01 operator names
)
\inf@bad=\count105
LaTeX Info: Redefining \frac on input line 210.
\uproot@=\count106
\leftroot@=\count107
LaTeX Info: Redefining \overline on input line 306.
\classnum@=\count108
\DOTSCASE@=\count109
LaTeX Info: Redefining \ldots on input line 378.
LaTeX Info: Redefining \dots on input line 381.
LaTeX Info: Redefining \cdots on input line 466.
\Mathstrutbox@=\box29
\strutbox@=\box30
\big@size=\dimen122
LaTeX Font Info:    Redeclaring font encoding OML on input line 566.
LaTeX Font Info:    Redeclaring font encoding OMS on input line 567.
\macc@depth=\count110
\c@MaxMatrixCols=\count111
\dotsspace@=\muskip11
\c@parentequation=\count112
\dspbrk@lvl=\count113
\tag@help=\toks20
\row@=\count114
\column@=\count115
\maxfields@=\count116
\andhelp@=\toks21
\eqnshift@=\dimen123
\alignsep@=\dimen124
\tagshift@=\dimen125
\tagwidth@=\dimen126
\totwidth@=\dimen127
\lineht@=\dimen128
\@envbody=\toks22
\multlinegap=\skip61
\multlinetaggap=\skip62
\mathdisplay@stack=\toks23
LaTeX Info: Redefining \[ on input line 2665.
LaTeX Info: Redefining \] on input line 2666.
) (Chapter4.aux

LaTeX Warning: Label `tab:title' multiply defined.


LaTeX Warning: Label `tab:title' multiply defined.


LaTeX Warning: Label `tab:title' multiply defined.


LaTeX Warning: Label `tab:title' multiply defined.


LaTeX Warning: Label `tab:title' multiply defined.


LaTeX Warning: Label `tab:title' multiply defined.


LaTeX Warning: Label `tab:title' multiply defined.


LaTeX Warning: Label `tab:title' multiply defined.


LaTeX Warning: Label `eq1' multiply defined.


LaTeX Warning: Label `tab:title' multiply defined.


LaTeX Warning: Label `tab:title' multiply defined.

)
\openout1 = `Chapter4.aux'.

LaTeX Font Info:    Checking defaults for OML/cmm/m/it on input line 9.
LaTeX Font Info:    ... okay on input line 9.
LaTeX Font Info:    Checking defaults for T1/cmr/m/n on input line 9.
LaTeX Font Info:    ... okay on input line 9.
LaTeX Font Info:    Checking defaults for OT1/cmr/m/n on input line 9.
LaTeX Font Info:    ... okay on input line 9.
LaTeX Font Info:    Checking defaults for OMS/cmsy/m/n on input line 9.
LaTeX Font Info:    ... okay on input line 9.
LaTeX Font Info:    Checking defaults for OMX/cmex/m/n on input line 9.
LaTeX Font Info:    ... okay on input line 9.
LaTeX Font Info:    Checking defaults for U/cmr/m/n on input line 9.
LaTeX Font Info:    ... okay on input line 9.
LaTeX Font Info:    Checking defaults for PD1/pdf/m/n on input line 9.
LaTeX Font Info:    ... okay on input line 9.
\AtBeginShipoutBox=\box31
Package hyperref Info: Link coloring OFF on input line 9.

("C:\Users\sabid\AppData\Local\Programs\MiKTeX 2.9\tex\latex\hyperref\nameref.s
ty"
Package: nameref 2012/10/27 v2.43 Cross-referencing by name of section

("C:\Users\sabid\AppData\Local\Programs\MiKTeX 2.9\tex\generic\oberdiek\gettitl
estring.sty"
Package: gettitlestring 2010/12/03 v1.4 Cleanup title references (HO)
)
\c@section@level=\count117
)
LaTeX Info: Redefining \ref on input line 9.
LaTeX Info: Redefining \pageref on input line 9.
LaTeX Info: Redefining \nameref on input line 9.
 (Chapter4.out) (Chapter4.out)
\@outlinefile=\write3
\openout3 = `Chapter4.out'.

Package caption Info: Begin \AtBeginDocument code.
Package caption Info: End \AtBeginDocument code.

("C:\Users\sabid\AppData\Local\Programs\MiKTeX 2.9\tex\latex\graphics\color.sty
"
Package: color 2014/10/28 v1.1a Standard LaTeX Color (DPC)

("C:\Users\sabid\AppData\Local\Programs\MiKTeX 2.9\tex\latex\00miktex\color.cfg
"
File: color.cfg 2007/01/18 v1.5 color configuration of teTeX/TeXLive
)
Package color Info: Driver file: pdftex.def on input line 142.

("C:\Users\sabid\AppData\Local\Programs\MiKTeX 2.9\tex\latex\pdftex-def\pdftex.
def"
File: pdftex.def 2011/05/27 v0.06d Graphics/color for pdfTeX
\Gread@gobject=\count118

("C:\Users\sabid\AppData\Local\Programs\MiKTeX 2.9\tex\context\base\supp-pdf.mk
ii"
[Loading MPS to PDF converter (version 2006.09.02).]
\scratchcounter=\count119
\scratchdimen=\dimen129
\scratchbox=\box32
\nofMPsegments=\count120
\nofMParguments=\count121
\everyMPshowfont=\toks24
\MPscratchCnt=\count122
\MPscratchDim=\dimen130
\MPnumerator=\count123
\makeMPintoPDFobject=\count124
\everyMPtoPDFconversion=\toks25
)))
Chapter 1.
LaTeX Font Info:    Try loading font information for OMS+cmr on input line 24.
("C:\Users\sabid\AppData\Local\Programs\MiKTeX 2.9\tex\latex\base\omscmr.fd"
File: omscmr.fd 2014/09/29 v2.5h Standard LaTeX font definitions
)
LaTeX Font Info:    Font shape `OMS/cmr/m/n' in size <12> not available
(Font)              Font shape `OMS/cmsy/m/n' tried instead on input line 24.

Overfull \hbox (4.61609pt too wide) in paragraph at lines 30--30
[]|\OT1/cmr/m/n/12 Department| 
 []


Overfull \hbox (8.10632pt too wide) in paragraph at lines 30--30
[]|\OT1/cmr/m/n/12 CourseName| 
 []


Overfull \hbox (1.99667pt too wide) in paragraph at lines 30--30
[]|\OT1/cmr/m/n/12 PartAMark| 
 []


Overfull \hbox (1.50919pt too wide) in paragraph at lines 30--30
[]|\OT1/cmr/m/n/12 PartBMark| 
 []


Overfull \hbox (4.61609pt too wide) in paragraph at lines 48--48
[]|\OT1/cmr/m/n/12 Department| 
 []


Overfull \hbox (8.10632pt too wide) in paragraph at lines 48--48
[]|\OT1/cmr/m/n/12 CourseName| 
 []


Overfull \hbox (1.99667pt too wide) in paragraph at lines 48--48
[]|\OT1/cmr/m/n/12 PartAMark| 
 []


Overfull \hbox (1.50919pt too wide) in paragraph at lines 48--48
[]|\OT1/cmr/m/n/12 PartBMark| 
 []

[1


{C:/Users/sabid/AppData/Local/MiKTeX/2.9/pdftex/config/pdftex.map}]
Overfull \hbox (4.61609pt too wide) in paragraph at lines 66--66
[]|\OT1/cmr/m/n/12 Department| 
 []


Overfull \hbox (8.10632pt too wide) in paragraph at lines 66--66
[]|\OT1/cmr/m/n/12 CourseName| 
 []


Overfull \hbox (6.0022pt too wide) in paragraph at lines 66--66
[]|\OT1/cmr/m/n/12 LetterGrade| 
 []


Overfull \hbox (2.19681pt too wide) in paragraph at lines 68--68
[]|\OT1/cmr/m/n/12 Dhamrai| 
 []


Overfull \hbox (0.92195pt too wide) in paragraph at lines 70--70
[]|\OT1/cmr/m/n/12 14251| 
 []


Overfull \hbox (0.73015pt too wide) in paragraph at lines 70--70
[]|\OT1/cmr/m/n/12 Satkhira| 
 []


Overfull \hbox (3.3253pt too wide) in paragraph at lines 59--76
\OT1/cmr/m/n/12 ex-cel-lency of a stu-dent in aca-demic ca-reer,attributes like
 \OT1/cmr/m/it/12 Dis-trict,Thana,
 []


Overfull \hbox (4.61609pt too wide) in paragraph at lines 83--83
[]|\OT1/cmr/m/n/12 Department| 
 []


Overfull \hbox (8.10632pt too wide) in paragraph at lines 83--83
[]|\OT1/cmr/m/n/12 CourseName| 
 []


Overfull \hbox (6.0022pt too wide) in paragraph at lines 83--83
[]|\OT1/cmr/m/n/12 LetterGrade| 
 []


Overfull \hbox (0.92195pt too wide) in paragraph at lines 87--87
[]|\OT1/cmr/m/n/12 14251| 
 []


Overfull \hbox (4.61609pt too wide) in paragraph at lines 101--101
[]|\OT1/cmr/m/n/12 Department| 
 []


Overfull \hbox (0.92195pt too wide) in paragraph at lines 105--105
[]|\OT1/cmr/m/n/12 14251| 
 []

[2]
Overfull \hbox (4.61609pt too wide) in paragraph at lines 118--118
[]|\OT1/cmr/m/n/12 Department| 
 []


Overfull \hbox (0.92195pt too wide) in paragraph at lines 122--122
[]|\OT1/cmr/m/n/12 14251| 
 []


Overfull \hbox (4.61609pt too wide) in paragraph at lines 135--135
[]|\OT1/cmr/m/n/12 Department| 
 []


Overfull \hbox (5.26088pt too wide) in paragraph at lines 135--135
[]|\OT1/cmr/m/n/12 CourseName| 
 []


Overfull \hbox (0.92195pt too wide) in paragraph at lines 139--139
[]|\OT1/cmr/m/n/12 14251| 
 []


Overfull \hbox (4.56535pt too wide) in paragraph at lines 129--145
\OT1/cmr/m/n/12 does not rep-re-sent the ac-cu-rate value.But for proper cal-cu
-la-tion,accurate
 []

[3]
Overfull \hbox (4.61609pt too wide) in paragraph at lines 188--188
[]|\OT1/cmr/m/n/12 Department| 
 []


Overfull \hbox (5.26088pt too wide) in paragraph at lines 188--188
[]|\OT1/cmr/m/n/12 CourseName| 
 []


Overfull \hbox (5.53004pt too wide) in paragraph at lines 188--188
[]|\OT1/cmr/m/n/12 CourseCreditHour| 
 []


Overfull \hbox (0.92195pt too wide) in paragraph at lines 192--192
[]|\OT1/cmr/m/n/12 14251| 
 []


Overfull \hbox (4.61609pt too wide) in paragraph at lines 212--212
[]|\OT1/cmr/m/n/12 Department| 
 []


Overfull \hbox (0.92195pt too wide) in paragraph at lines 216--216
[]|\OT1/cmr/m/n/12 14251| 
 []

[4]
Overfull \hbox (5.95964pt too wide) in paragraph at lines 240--240
[]|\OT1/cmr/m/n/12 Serial| 
 []


Overfull \hbox (4.61609pt too wide) in paragraph at lines 240--240
[]|\OT1/cmr/m/n/12 Department| 
 []


Overfull \hbox (4.25108pt too wide) in paragraph at lines 240--240
\OT1/cmr/m/n/12 Status| 
 []


Overfull \hbox (5.99031pt too wide) in paragraph at lines 240--240
[]|\OT1/cmr/m/n/12 Gender| 
 []


Overfull \hbox (4.68517pt too wide) in paragraph at lines 240--240
[]|\OT1/cmr/m/n/12 Attendance| 
 []


Overfull \hbox (4.13188pt too wide) in paragraph at lines 240--240
[]|\OT1/cmr/m/n/12 Class 
 []


Overfull \hbox (5.0761pt too wide) in paragraph at lines 240--240
[]|\OT1/cmr/m/n/12 CGPA| 
 []


Overfull \hbox (4.2705pt too wide) in paragraph at lines 240--241
\OT1/cmr/m/n/12 Completed| 
 []


Overfull \hbox (0.73747pt too wide) in paragraph at lines 242--242
[]|\OT1/cmr/m/n/12 4478| 
 []


Overfull \hbox (0.73747pt too wide) in paragraph at lines 244--244
[]|\OT1/cmr/m/n/12 4480| 
 []


Overfull \hbox (6.61241pt too wide) in paragraph at lines 246--246
[]|\OT1/cmr/m/n/12 14251| 
 []


Overfull \hbox (5.5088pt too wide) in paragraph at lines 238--251
 [] 
 []

Package atveryend Info: Empty hook `BeforeClearDocument' on input line 254.
[5]
Package atveryend Info: Empty hook `AfterLastShipout' on input line 254.
 (Chapter4.aux)
Package atveryend Info: Executing hook `AtVeryEndDocument' on input line 254.
Package atveryend Info: Executing hook `AtEndAfterFileList' on input line 254.
Package rerunfilecheck Info: File `Chapter4.out' has not changed.
(rerunfilecheck)             Checksum: 18FE4069BE333E6B00B52DD2A76A2DBC;309.


LaTeX Warning: There were multiply-defined labels.

Package atveryend Info: Empty hook `AtVeryVeryEnd' on input line 254.
 ) 
Here is how much of TeX's memory you used:
 6640 strings out of 493634
 99359 string characters out of 3135239
 196054 words of memory out of 3000000
 9977 multiletter control sequences out of 15000+200000
 9566 words of font info for 34 fonts, out of 3000000 for 9000
 1025 hyphenation exceptions out of 8191
 37i,15n,38p,522b,445s stack positions out of 5000i,500n,10000p,200000b,50000s
<C:/Users/sabid/AppData/Local/Programs/MiKTeX 2.9/fonts/type1/public/amsfonts
/cm/cmbx12.pfb><C:/Users/sabid/AppData/Local/Programs/MiKTeX 2.9/fonts/type1/pu
blic/amsfonts/cm/cmex10.pfb><C:/Users/sabid/AppData/Local/Programs/MiKTeX 2.9/f
onts/type1/public/amsfonts/cm/cmmi12.pfb><C:/Users/sabid/AppData/Local/Programs
/MiKTeX 2.9/fonts/type1/public/amsfonts/cm/cmr12.pfb><C:/Users/sabid/AppData/Lo
cal/Programs/MiKTeX 2.9/fonts/type1/public/amsfonts/cm/cmsl12.pfb><C:/Users/sab
id/AppData/Local/Programs/MiKTeX 2.9/fonts/type1/public/amsfonts/cm/cmsy10.pfb>
<C:/Users/sabid/AppData/Local/Programs/MiKTeX 2.9/fonts/type1/public/amsfonts/c
m/cmti12.pfb>
Output written on Chapter4.pdf (5 pages, 107292 bytes).
PDF statistics:
 93 PDF objects out of 1000 (max. 8388607)
 24 named destinations out of 1000 (max. 500000)
 41 words of extra memory for PDF output out of 10000 (max. 10000000)

